#
# There is insufficient memory for the Java Runtime Environment to continue.
# Native memory allocation (mmap) failed to map 132120576 bytes for G1 virtual space
# Possible reasons:
#   The system is out of physical RAM or swap space
#   The process is running with CompressedOops enabled, and the Java Heap may be blocking the growth of the native heap
# Possible solutions:
#   Reduce memory load on the system
#   Increase physical memory or swap space
#   Check if swap backing store is full
#   Decrease Java heap size (-Xmx/-Xms)
#   Decrease number of Java threads
#   Decrease Java thread stack sizes (-Xss)
#   Set larger code cache with -XX:ReservedCodeCacheSize=
#   JVM is running with Unscaled Compressed Oops mode in which the Java heap is
#     placed in the first 4GB address space. The Java Heap base address is the
#     maximum limit for the native heap growth. Please use -XX:HeapBaseMinAddress
#     to set the Java Heap base and to place the Java Heap above 4GB virtual address.
# This output file may be truncated or incomplete.
#
#  Out of Memory Error (os_windows.cpp:3535), pid=15908, tid=5004
#
# JRE version:  (17.0.4+11) (build )
# Java VM: Java HotSpot(TM) 64-Bit Server VM (17.0.4+11-LTS-179, mixed mode, sharing, tiered, compressed oops, compressed class ptrs, g1 gc, windows-amd64)
# No core dump will be written. Minidumps are not enabled by default on client versions of Windows
#

---------------  S U M M A R Y ------------

Command Line: -agentlib:jdwp=transport=dt_socket,address=127.0.0.1:63047,suspend=y,server=n -javaagent:C:\Users\gabri\AppData\Local\JetBrains\IdeaIC2022.2\captureAgent\debugger-agent.jar -Dfile.encoding=UTF-8 Exec

Host: Intel(R) Core(TM) i5-10300H CPU @ 2.50GHz, 8 cores, 7G,  Windows 10 , 64 bit Build 19041 (10.0.19041.2251)
Time: Sat Dec 10 23:38:43 2022 Hora oficial do Brasil elapsed time: 0.017228 seconds (0d 0h 0m 0s)

---------------  T H R E A D  ---------------

Current thread (0x000001db7531cf70):  JavaThread "Unknown thread" [_thread_in_vm, id=5004, stack(0x000000d9b7c00000,0x000000d9b7d00000)]

Stack: [0x000000d9b7c00000,0x000000d9b7d00000]
Native frames: (J=compiled Java code, j=interpreted, Vv=VM code, C=native code)
V  [jvm.dll+0x6723da]
V  [jvm.dll+0x7d1f74]
V  [jvm.dll+0x7d371e]
V  [jvm.dll+0x7d3d83]
V  [jvm.dll+0x242ed5]
V  [jvm.dll+0x66f2f9]
V  [jvm.dll+0x663c42]
V  [jvm.dll+0x30103b]
V  [jvm.dll+0x3085d6]
V  [jvm.dll+0x35844e]
V  [jvm.dll+0x35867f]
V  [jvm.dll+0x2d8258]
V  [jvm.dll+0x2d91c4]
V  [jvm.dll+0x7a3a51]
V  [jvm.dll+0x3662a1]
V  [jvm.dll+0x782dcc]
V  [jvm.dll+0x3e8bff]
V  [jvm.dll+0x3ea6a1]
C  [jli.dll+0x527b]
C  [ucrtbase.dll+0x21bb2]
C  [KERNEL32.DLL+0x174b4]
C  [ntdll.dll+0x526a1]


---------------  P R O C E S S  ---------------

Threads class SMR info:
_java_thread_list=0x00007ff8d48fa858, length=0, elements={
}

Java Threads: ( => current thread )

Other Threads:
  0x000001db75376780 GCTaskThread "GC Thread#0" [stack: 0x000000d9b7d00000,0x000000d9b7e00000] [id=14260]
  0x000001db7538b210 ConcurrentGCThread "G1 Main Marker" [stack: 0x000000d9b7e00000,0x000000d9b7f00000] [id=4108]
  0x000001db7538c2d0 ConcurrentGCThread "G1 Conc#0" [stack: 0x000000d9b7f00000,0x000000d9b8000000] [id=15960]

[error occurred during error reporting (printing all threads), id 0xc0000005, EXCEPTION_ACCESS_VIOLATION (0xc0000005) at pc=0x00007ff8d4148c47]

VM state: not at safepoint (not fully initialized)

VM Mutex/Monitor currently owned by a thread:  ([mutex/lock_event])
[0x000001db753181a0] Heap_lock - owner thread: 0x000001db7531cf70

Heap address: 0x0000000082000000, size: 2016 MB, Compressed Oops mode: 32-bit

CDS archive(s) mapped at: [0x0000000000000000-0x0000000000000000-0x0000000000000000), size 0, SharedBaseAddress: 0x0000000800000000, ArchiveRelocationMode: 0.
Narrow klass base: 0x0000000000000000, Narrow klass shift: 0, Narrow klass range: 0x0

GC Precious Log:
<Empty>

Heap:
 garbage-first heap   total 0K, used 0K [0x0000000082000000, 0x0000000100000000)
  region size 1024K, 0 young (0K), 0 survivors (0K)

[error occurred during error reporting (printing heap information), id 0xc0000005, EXCEPTION_ACCESS_VIOLATION (0xc0000005) at pc=0x00007ff8d452b889]

GC Heap History (0 events):
No events

Deoptimization events (0 events):
No events

Classes unloaded (0 events):
No events

Classes redefined (0 events):
No events

Internal exceptions (0 events):
No events

VM Operations (0 events):
No events

Events (2 events):
Event: 0.010 Loaded shared library C:\Program Files\Java\jdk-17.0.4\bin\java.dll
Event: 0.011 Loaded shared library C:\Program Files\Java\jdk-17.0.4\bin\zip.dll


Dynamic libraries:
0x00007ff66c870000 - 0x00007ff66c880000 	C:\Program Files\Java\jdk-17.0.4\bin\java.exe
0x00007ff9202d0000 - 0x00007ff9204c8000 	C:\Windows\SYSTEM32\ntdll.dll
0x00007ff91fef0000 - 0x00007ff91ffaf000 	C:\Windows\System32\KERNEL32.DLL
0x00007ff91dad0000 - 0x00007ff91dda2000 	C:\Windows\System32\KERNELBASE.dll
0x00007ff91ddb0000 - 0x00007ff91deb0000 	C:\Windows\System32\ucrtbase.dll
0x00007ff917d40000 - 0x00007ff917d5a000 	C:\Program Files\Java\jdk-17.0.4\bin\VCRUNTIME140.dll
0x00007ff917d60000 - 0x00007ff917d78000 	C:\Program Files\Java\jdk-17.0.4\bin\jli.dll
0x00007ff91ffb0000 - 0x00007ff92005e000 	C:\Windows\System32\ADVAPI32.dll
0x00007ff91e3d0000 - 0x00007ff91e46e000 	C:\Windows\System32\msvcrt.dll
0x00007ff91e4d0000 - 0x00007ff91e56c000 	C:\Windows\System32\sechost.dll
0x00007ff91e6a0000 - 0x00007ff91e7c5000 	C:\Windows\System32\RPCRT4.dll
0x00007ff91f0e0000 - 0x00007ff91f27d000 	C:\Windows\System32\USER32.dll
0x00007ff91e2c0000 - 0x00007ff91e2e2000 	C:\Windows\System32\win32u.dll
0x00007ff902740000 - 0x00007ff9029da000 	C:\Windows\WinSxS\amd64_microsoft.windows.common-controls_6595b64144ccf1df_6.0.19041.1110_none_60b5254171f9507e\COMCTL32.dll
0x00007ff91fa00000 - 0x00007ff91fa2b000 	C:\Windows\System32\GDI32.dll
0x00007ff91deb0000 - 0x00007ff91dfbf000 	C:\Windows\System32\gdi32full.dll
0x00007ff91e1b0000 - 0x00007ff91e24d000 	C:\Windows\System32\msvcp_win.dll
0x00007ff917170000 - 0x00007ff91717a000 	C:\Windows\SYSTEM32\VERSION.dll
0x00007ff91e570000 - 0x00007ff91e5a2000 	C:\Windows\System32\IMM32.DLL
0x00007ff91a110000 - 0x00007ff91a11c000 	C:\Program Files\Java\jdk-17.0.4\bin\vcruntime140_1.dll
0x00007ff90bf20000 - 0x00007ff90bfad000 	C:\Program Files\Java\jdk-17.0.4\bin\msvcp140.dll
0x00007ff8d3e60000 - 0x00007ff8d4a22000 	C:\Program Files\Java\jdk-17.0.4\bin\server\jvm.dll
0x00007ff91e5b0000 - 0x00007ff91e5b8000 	C:\Windows\System32\PSAPI.DLL
0x00007ff91acf0000 - 0x00007ff91acf9000 	C:\Windows\SYSTEM32\WSOCK32.dll
0x00007ff90b440000 - 0x00007ff90b467000 	C:\Windows\SYSTEM32\WINMM.dll
0x00007ff91f990000 - 0x00007ff91f9fb000 	C:\Windows\System32\WS2_32.dll
0x00007ff91c220000 - 0x00007ff91c232000 	C:\Windows\SYSTEM32\kernel.appcore.dll
0x00007ff917d30000 - 0x00007ff917d3a000 	C:\Program Files\Java\jdk-17.0.4\bin\jimage.dll
0x00007ff91b790000 - 0x00007ff91b974000 	C:\Windows\SYSTEM32\DBGHELP.DLL
0x00007ff9075a0000 - 0x00007ff9075cc000 	C:\Windows\SYSTEM32\dbgcore.DLL
0x00007ff91dfc0000 - 0x00007ff91e042000 	C:\Windows\System32\bcryptPrimitives.dll
0x00007ff915b20000 - 0x00007ff915b5b000 	C:\Program Files\Java\jdk-17.0.4\bin\jdwp.dll
0x00007ff917d20000 - 0x00007ff917d2e000 	C:\Program Files\Java\jdk-17.0.4\bin\instrument.dll
0x00007ff915b60000 - 0x00007ff915b85000 	C:\Program Files\Java\jdk-17.0.4\bin\java.dll
0x00007ff917970000 - 0x00007ff917988000 	C:\Program Files\Java\jdk-17.0.4\bin\zip.dll

dbghelp: loaded successfully - version: 4.0.5 - missing functions: none
symbol engine: initialized successfully - sym options: 0x614 - pdb path: .;C:\Program Files\Java\jdk-17.0.4\bin;C:\Windows\SYSTEM32;C:\Windows\WinSxS\amd64_microsoft.windows.common-controls_6595b64144ccf1df_6.0.19041.1110_none_60b5254171f9507e;C:\Program Files\Java\jdk-17.0.4\bin\server

VM Arguments:
jvm_args: -agentlib:jdwp=transport=dt_socket,address=127.0.0.1:63047,suspend=y,server=n -javaagent:C:\Users\gabri\AppData\Local\JetBrains\IdeaIC2022.2\captureAgent\debugger-agent.jar -Dfile.encoding=UTF-8 
java_command: Exec
java_class_path (initial): C:\TrabalhoJava\out\production\TrabalhoJava;C:\Program Files\JetBrains\IntelliJ IDEA Community Edition 2022.2\lib\idea_rt.jar
Launcher Type: SUN_STANDARD

[Global flags]
     intx CICompilerCount                          = 4                                         {product} {ergonomic}
     uint ConcGCThreads                            = 2                                         {product} {ergonomic}
     uint G1ConcRefinementThreads                  = 8                                         {product} {ergonomic}
   size_t G1HeapRegionSize                         = 1048576                                   {product} {ergonomic}
    uintx GCDrainStackTargetSize                   = 64                                        {product} {ergonomic}
   size_t InitialHeapSize                          = 132120576                                 {product} {ergonomic}
   size_t MarkStackSize                            = 4194304                                   {product} {ergonomic}
   size_t MaxHeapSize                              = 2113929216                                {product} {ergonomic}
   size_t MinHeapDeltaBytes                        = 1048576                                   {product} {ergonomic}
   size_t MinHeapSize                              = 8388608                                   {product} {ergonomic}
    uintx NonNMethodCodeHeapSize                   = 5839372                                {pd product} {ergonomic}
    uintx NonProfiledCodeHeapSize                  = 122909434                              {pd product} {ergonomic}
    uintx ProfiledCodeHeapSize                     = 122909434                              {pd product} {ergonomic}
    uintx ReservedCodeCacheSize                    = 251658240                              {pd product} {ergonomic}
     bool SegmentedCodeCache                       = true                                      {product} {ergonomic}
   size_t SoftMaxHeapSize                          = 2113929216                             {manageable} {ergonomic}
     bool UseCompressedClassPointers               = true                           {product lp64_product} {ergonomic}
     bool UseCompressedOops                        = true                           {product lp64_product} {ergonomic}
     bool UseG1GC                                  = true                                      {product} {ergonomic}
     bool UseLargePagesIndividualAllocation        = false                                  {pd product} {ergonomic}

Logging:
Log output configuration:
 #0: stdout all=warning uptime,level,tags
 #1: stderr all=off uptime,level,tags

Environment Variables:
JAVA_HOME=C:\Program Files\Java\jdk-17.0.4\jdk-17.0.4
PATH=C:\Program Files\Common Files\Oracle\Java\javapath;C:\Program Files (x86)\Common Files\Oracle\Java\javapath;C:\Windows\system32;C:\Windows;C:\Windows\System32\Wbem;C:\Windows\System32\WindowsPowerShell\v1.0\;C:\Windows\System32\OpenSSH\;C:\Program Files (x86)\NVIDIA Corporation\PhysX\Common;C:\Program Files\NVIDIA Corporation\NVIDIA NvDLISR;C:\Program Files\Git\cmd;C:\Program Files\Microsoft VS Code\bin;C:\Users\gabri\AppData\Local\Programs\Python\Python310\Scripts\;C:\Users\gabri\AppData\Local\Programs\Python\Python310\;C:\Users\gabri\AppData\Local\Microsoft\WindowsApps;
USERNAME=gabri
OS=Windows_NT
PROCESSOR_IDENTIFIER=Intel64 Family 6 Model 165 Stepping 2, GenuineIntel



---------------  S Y S T E M  ---------------

OS:
 Windows 10 , 64 bit Build 19041 (10.0.19041.2251)
OS uptime: 1 days 23:42 hours

CPU: total 8 (initial active 8) (4 cores per cpu, 2 threads per core) family 6 model 165 stepping 2 microcode 0xe2, cx8, cmov, fxsr, ht, mmx, 3dnowpref, sse, sse2, sse3, ssse3, sse4.1, sse4.2, popcnt, lzcnt, tsc, tscinvbit, avx, avx2, aes, erms, clmul, bmi1, bmi2, adx, fma, vzeroupper, clflush, clflushopt

Memory: 4k page, system-wide physical 8060M (828M free)
TotalPageFile size 18397M (AvailPageFile size 97M)
current process WorkingSet (physical memory assigned to process): 11M, peak: 11M
current process commit charge ("private bytes"): 60M, peak: 186M

vm_info: Java HotSpot(TM) 64-Bit Server VM (17.0.4+11-LTS-179) for windows-amd64 JRE (17.0.4+11-LTS-179), built on Jun 28 2022 08:23:05 by "mach5one" with MS VC++ 16.8 / 16.9 (VS2019)

END.
